# JRE version: OpenJDK Runtime Environment (8.0_222-b10) (build 1.8.0_222-8u222-b10-1ubuntu1~18.04.1-b10)
# Java VM: OpenJDK 64-Bit Server VM (25.222-b10 mixed mode linux-amd64 compressed oops)
Heap:
 PSYoungGen      total 3018752K, used 495601K [0x00000006c0000000, 0x0000000796800000, 0x00000007c0000000)
  eden space 2523136K, 0% used [0x00000006c0000000,0x00000006c0000000,0x000000075a000000)
  from space 495616K, 99% used [0x000000075a000000,0x00000007783fc700,0x0000000778400000)
  to   space 433664K, 0% used [0x000000077c080000,0x000000077c080000,0x0000000796800000)
 ParOldGen       total 1720832K, used 1079702K [0x00000004c0000000, 0x0000000529080000, 0x00000006c0000000)
  object space 1720832K, 62% used [0x00000004c0000000,0x0000000501e65830,0x0000000529080000)
 Metaspace       used 7423K, capacity 7614K, committed 7808K, reserved 1056768K
  class space    used 722K, capacity 771K, committed 896K, reserved 1048576K
GC Heap History (10 events):
Event: 128,877 GC heap after
Heap after GC invocations=20 (full 3):
 PSYoungGen      total 2443776K, used 158944K [0x00000006c0000000, 0x0000000779080000, 0x00000007c0000000)
  eden space 2213376K, 0% used [0x00000006c0000000,0x00000006c0000000,0x0000000747180000)
  from space 230400K, 68% used [0x0000000747180000,0x0000000750cb8000,0x0000000755280000)
  to   space 243200K, 0% used [0x000000076a300000,0x000000076a300000,0x0000000779080000)
 ParOldGen       total 931840K, used 519693K [0x00000004c0000000, 0x00000004f8e00000, 0x00000006c0000000)
  object space 931840K, 55% used [0x00000004c0000000,0x00000004dfb836f0,0x00000004f8e00000)
 Metaspace       used 7323K, capacity 7486K, committed 7808K, reserved 1056768K
  class space    used 712K, capacity 771K, committed 896K, reserved 1048576K
}
Event: 145,173 GC heap before
{Heap before GC invocations=21 (full 3):
 PSYoungGen      total 2443776K, used 2372320K [0x00000006c0000000, 0x0000000779080000, 0x00000007c0000000)
  eden space 2213376K, 100% used [0x00000006c0000000,0x0000000747180000,0x0000000747180000)
  from space 230400K, 68% used [0x0000000747180000,0x0000000750cb8000,0x0000000755280000)
  to   space 243200K, 0% used [0x000000076a300000,0x000000076a300000,0x0000000779080000)
 ParOldGen       total 931840K, used 519693K [0x00000004c0000000, 0x00000004f8e00000, 0x00000006c0000000)
  object space 931840K, 55% used [0x00000004c0000000,0x00000004dfb836f0,0x00000004f8e00000)
 Metaspace       used 7396K, capacity 7550K, committed 7808K, reserved 1056768K
  class space    used 719K, capacity 771K, committed 896K, reserved 1048576K
Event: 145,663 GC heap after
Heap after GC invocations=21 (full 3):
 PSYoungGen      total 2521088K, used 243189K [0x00000006c0000000, 0x000000079a380000, 0x00000007c0000000)
  eden space 2277888K, 0% used [0x00000006c0000000,0x00000006c0000000,0x000000074b080000)
  from space 243200K, 99% used [0x000000076a300000,0x000000077907d4a8,0x0000000779080000)
  to   space 510464K, 0% used [0x000000074b080000,0x000000074b080000,0x000000076a300000)
 ParOldGen       total 1343488K, used 1133500K [0x00000004c0000000, 0x0000000512000000, 0x00000006c0000000)
  object space 1343488K, 84% used [0x00000004c0000000,0x00000005052ef0e0,0x0000000512000000)
 Metaspace       used 7396K, capacity 7550K, committed 7808K, reserved 1056768K
  class space    used 719K, capacity 771K, committed 896K, reserved 1048576K
}
Event: 145,663 GC heap before
{Heap before GC invocations=22 (full 4):
 PSYoungGen      total 2521088K, used 243189K [0x00000006c0000000, 0x000000079a380000, 0x00000007c0000000)
  eden space 2277888K, 0% used [0x00000006c0000000,0x00000006c0000000,0x000000074b080000)
  from space 243200K, 99% used [0x000000076a300000,0x000000077907d4a8,0x0000000779080000)
  to   space 510464K, 0% used [0x000000074b080000,0x000000074b080000,0x000000076a300000)
 ParOldGen       total 1343488K, used 1133500K [0x00000004c0000000, 0x0000000512000000, 0x00000006c0000000)
  object space 1343488K, 84% used [0x00000004c0000000,0x00000005052ef0e0,0x0000000512000000)
 Metaspace       used 7396K, capacity 7550K, committed 7808K, reserved 1056768K
  class space    used 719K, capacity 771K, committed 896K, reserved 1048576K
Event: 148,668 GC heap after
Heap after GC invocations=22 (full 4):
 PSYoungGen      total 2521088K, used 0K [0x00000006c0000000, 0x000000079a380000, 0x00000007c0000000)
  eden space 2277888K, 0% used [0x00000006c0000000,0x00000006c0000000,0x000000074b080000)
  from space 243200K, 0% used [0x000000076a300000,0x000000076a300000,0x0000000779080000)
  to   space 510464K, 0% used [0x000000074b080000,0x000000074b080000,0x000000076a300000)
 ParOldGen       total 1720832K, used 1036920K [0x00000004c0000000, 0x0000000529080000, 0x00000006c0000000)
  object space 1720832K, 60% used [0x00000004c0000000,0x00000004ff49e2e8,0x0000000529080000)
 Metaspace       used 7396K, capacity 7550K, committed 7808K, reserved 1056768K
  class space    used 719K, capacity 771K, committed 896K, reserved 1048576K
}
Event: 201,621 GC heap before
{Heap before GC invocations=23 (full 4):
 PSYoungGen      total 2521088K, used 2277888K [0x00000006c0000000, 0x000000079a380000, 0x00000007c0000000)
  eden space 2277888K, 100% used [0x00000006c0000000,0x000000074b080000,0x000000074b080000)
  from space 243200K, 0% used [0x000000076a300000,0x000000076a300000,0x0000000779080000)
  to   space 510464K, 0% used [0x000000074b080000,0x000000074b080000,0x000000076a300000)
 ParOldGen       total 1720832K, used 1036920K [0x00000004c0000000, 0x0000000529080000, 0x00000006c0000000)
  object space 1720832K, 60% used [0x00000004c0000000,0x00000004ff49e2e8,0x0000000529080000)
 Metaspace       used 7397K, capacity 7550K, committed 7808K, reserved 1056768K
  class space    used 719K, capacity 771K, committed 896K, reserved 1048576K
Event: 201,648 GC heap after
Heap after GC invocations=23 (full 4):
 PSYoungGen      total 2788352K, used 1984K [0x00000006c0000000, 0x000000079ad80000, 0x00000007c0000000)
  eden space 2277888K, 0% used [0x00000006c0000000,0x00000006c0000000,0x000000074b080000)
  from space 510464K, 0% used [0x000000074b080000,0x000000074b270000,0x000000076a300000)
  to   space 504832K, 0% used [0x000000077c080000,0x000000077c080000,0x000000079ad80000)
 ParOldGen       total 1720832K, used 1036920K [0x00000004c0000000, 0x0000000529080000, 0x00000006c0000000)
  object space 1720832K, 60% used [0x00000004c0000000,0x00000004ff49e2e8,0x0000000529080000)
 Metaspace       used 7397K, capacity 7550K, committed 7808K, reserved 1056768K
  class space    used 719K, capacity 771K, committed 896K, reserved 1048576K
}
Event: 255,376 GC heap before
{Heap before GC invocations=24 (full 4):
 PSYoungGen      total 2788352K, used 2279872K [0x00000006c0000000, 0x000000079ad80000, 0x00000007c0000000)
  eden space 2277888K, 100% used [0x00000006c0000000,0x000000074b080000,0x000000074b080000)
  from space 510464K, 0% used [0x000000074b080000,0x000000074b270000,0x000000076a300000)
  to   space 504832K, 0% used [0x000000077c080000,0x000000077c080000,0x000000079ad80000)
 ParOldGen       total 1720832K, used 1036920K [0x00000004c0000000, 0x0000000529080000, 0x00000006c0000000)
  object space 1720832K, 60% used [0x00000004c0000000,0x00000004ff49e2e8,0x0000000529080000)
 Metaspace       used 7397K, capacity 7550K, committed 7808K, reserved 1056768K
  class space    used 719K, capacity 771K, committed 896K, reserved 1048576K
Event: 255,406 GC heap after
Heap after GC invocations=24 (full 4):
 PSYoungGen      total 2956800K, used 1248K [0x00000006c0000000, 0x0000000796800000, 0x00000007c0000000)
  eden space 2523136K, 0% used [0x00000006c0000000,0x00000006c0000000,0x000000075a000000)
  from space 433664K, 0% used [0x000000077c080000,0x000000077c1b8000,0x0000000796800000)
  to   space 495616K, 0% used [0x000000075a000000,0x000000075a000000,0x0000000778400000)
 ParOldGen       total 1720832K, used 1036928K [0x00000004c0000000, 0x0000000529080000, 0x00000006c0000000)
  object space 1720832K, 60% used [0x00000004c0000000,0x00000004ff4a02e8,0x0000000529080000)
 Metaspace       used 7397K, capacity 7550K, committed 7808K, reserved 1056768K
  class space    used 719K, capacity 771K, committed 896K, reserved 1048576K
}
Event: 284,084 GC heap before
{Heap before GC invocations=25 (full 4):
 PSYoungGen      total 2956800K, used 2524384K [0x00000006c0000000, 0x0000000796800000, 0x00000007c0000000)
  eden space 2523136K, 100% used [0x00000006c0000000,0x000000075a000000,0x000000075a000000)
  from space 433664K, 0% used [0x000000077c080000,0x000000077c1b8000,0x0000000796800000)
  to   space 495616K, 0% used [0x000000075a000000,0x000000075a000000,0x0000000778400000)
 ParOldGen       total 1720832K, used 1036928K [0x00000004c0000000, 0x0000000529080000, 0x00000006c0000000)
  object space 1720832K, 60% used [0x00000004c0000000,0x00000004ff4a02e8,0x0000000529080000)
 Metaspace       used 7423K, capacity 7614K, committed 7808K, reserved 1056768K
  class space    used 722K, capacity 771K, committed 896K, reserved 1048576K

